# output generated by extract --stdin=/home/garner1/Work/dataset/bliss/test/auxdata/r1.2b.aln.fq --bc-pattern=NNNNNNNNXXXXXXXX --log=processed.log --stdout /home/garner1/Work/dataset/bliss/test/indata/processed.fastq.gz
# job started at Wed Jan 24 11:08:20 2018 on bicrows -- 0d05d0c4-c49f-4829-8c6c-89551b8e09a3
# pid: 2808, system: Linux 4.4.0-104-generic #127~14.04.1-Ubuntu SMP Mon Dec 11 12:44:15 UTC 2017 x86_64
# blacklist                               : None
# compresslevel                           : 6
# error_correct_cell                      : False
# extract_method                          : string
# filter_cell_barcode                     : None
# filter_cell_barcodes                    : False
# log2stderr                              : False
# loglevel                                : 1
# pattern                                 : NNNNNNNNXXXXXXXX
# pattern2                                : None
# prime3                                  : None
# quality_encoding                        : None
# quality_filter_mask                     : None
# quality_filter_threshold                : None
# random_seed                             : None
# read2_in                                : None
# read2_out                               : False
# read2_stdout                            : False
# reads_subset                            : None
# reconcile                               : False
# retain_umi                              : None
# short_help                              : None
# stderr                                  : <open file '<stderr>', mode 'w' at 0x7f8a11c281e0>
# stdin                                   : <open file '/home/garner1/Work/dataset/bliss/test/auxdata/r1.2b.aln.fq', mode 'r' at 0x7f89f447d8a0>
# stdlog                                  : <open file 'processed.log', mode 'a' at 0x7f89f447d930>
# stdout                                  : <gzip open file '/home/garner1/Work/dataset/bliss/test/indata/processed.fastq.gz', mode 'wb' at 0x7f89f4d36e40 0x7f8a0ca00a90>
# timeit_file                             : None
# timeit_header                           : None
# timeit_name                             : all
# whitelist                               : None
2018-01-24 11:08:20,584 INFO Starting barcode extraction
2018-01-24 11:08:24,638 INFO Parsed 100000 reads
2018-01-24 11:08:28,672 INFO Parsed 200000 reads
2018-01-24 11:08:32,726 INFO Parsed 300000 reads
2018-01-24 11:08:37,066 INFO Parsed 400000 reads
2018-01-24 11:08:41,152 INFO Parsed 500000 reads
2018-01-24 11:08:41,905 INFO Input Reads: 517817
2018-01-24 11:08:41,905 INFO Reads output: 517817
# job finished in 21 seconds at Wed Jan 24 11:08:41 2018 -- 22.11  0.09  0.00  0.00 -- 0d05d0c4-c49f-4829-8c6c-89551b8e09a3
# output generated by extract --stdin=/home/garner1/Work/dataset/bliss/test/auxdata/r1.2b.aln.fq --bc-pattern=NNNNNNNNXXXXXXXX --log=processed.log --stdout /home/garner1/Work/dataset/bliss/test/indata/processed.fastq.gz
# job started at Wed Jan 24 11:21:35 2018 on bicrows -- f77861a8-e554-4e1a-ad16-dc4b49f9b698
# pid: 20405, system: Linux 4.4.0-104-generic #127~14.04.1-Ubuntu SMP Mon Dec 11 12:44:15 UTC 2017 x86_64
# blacklist                               : None
# compresslevel                           : 6
# error_correct_cell                      : False
# extract_method                          : string
# filter_cell_barcode                     : None
# filter_cell_barcodes                    : False
# log2stderr                              : False
# loglevel                                : 1
# pattern                                 : NNNNNNNNXXXXXXXX
# pattern2                                : None
# prime3                                  : None
# quality_encoding                        : None
# quality_filter_mask                     : None
# quality_filter_threshold                : None
# random_seed                             : None
# read2_in                                : None
# read2_out                               : False
# read2_stdout                            : False
# reads_subset                            : None
# reconcile                               : False
# retain_umi                              : None
# short_help                              : None
# stderr                                  : <open file '<stderr>', mode 'w' at 0x7ff6e183b1e0>
# stdin                                   : <open file '/home/garner1/Work/dataset/bliss/test/auxdata/r1.2b.aln.fq', mode 'r' at 0x7ff6c40908a0>
# stdlog                                  : <open file 'processed.log', mode 'a' at 0x7ff6c4090930>
# stdout                                  : <gzip open file '/home/garner1/Work/dataset/bliss/test/indata/processed.fastq.gz', mode 'wb' at 0x7ff6c4949e40 0x7ff6dc613a90>
# timeit_file                             : None
# timeit_header                           : None
# timeit_name                             : all
# whitelist                               : None
2018-01-24 11:21:35,743 INFO Starting barcode extraction
2018-01-24 11:21:40,960 INFO Parsed 100000 reads
# output generated by extract --stdin=/home/garner1/Work/dataset/bliss/test/auxdata/r1.2b.aln.fq --bc-pattern=NNNNNNNNXXXXXXXX --log=processed.log --stdout /home/garner1/Work/dataset/bliss/test/indata/processed.fastq.gz
# job started at Wed Jan 24 11:21:55 2018 on bicrows -- ea8432fe-b383-40ee-a91e-26583feba13d
# pid: 20892, system: Linux 4.4.0-104-generic #127~14.04.1-Ubuntu SMP Mon Dec 11 12:44:15 UTC 2017 x86_64
# blacklist                               : None
# compresslevel                           : 6
# error_correct_cell                      : False
# extract_method                          : string
# filter_cell_barcode                     : None
# filter_cell_barcodes                    : False
# log2stderr                              : False
# loglevel                                : 1
# pattern                                 : NNNNNNNNXXXXXXXX
# pattern2                                : None
# prime3                                  : None
# quality_encoding                        : None
# quality_filter_mask                     : None
# quality_filter_threshold                : None
# random_seed                             : None
# read2_in                                : None
# read2_out                               : False
# read2_stdout                            : False
# reads_subset                            : None
# reconcile                               : False
# retain_umi                              : None
# short_help                              : None
# stderr                                  : <open file '<stderr>', mode 'w' at 0x7f329f7da1e0>
# stdin                                   : <open file '/home/garner1/Work/dataset/bliss/test/auxdata/r1.2b.aln.fq', mode 'r' at 0x7f328202f8a0>
# stdlog                                  : <open file 'processed.log', mode 'a' at 0x7f328202f930>
# stdout                                  : <gzip open file '/home/garner1/Work/dataset/bliss/test/indata/processed.fastq.gz', mode 'wb' at 0x7f32828e8e40 0x7f329a5b2a90>
# timeit_file                             : None
# timeit_header                           : None
# timeit_name                             : all
# whitelist                               : None
2018-01-24 11:21:55,725 INFO Starting barcode extraction
2018-01-24 11:22:00,309 INFO Parsed 100000 reads
2018-01-24 11:22:04,752 INFO Parsed 200000 reads
2018-01-24 11:22:09,232 INFO Parsed 300000 reads
2018-01-24 11:22:13,623 INFO Parsed 400000 reads
2018-01-24 11:22:17,989 INFO Parsed 500000 reads
2018-01-24 11:22:18,762 INFO Input Reads: 517817
2018-01-24 11:22:18,762 INFO Reads output: 517817
# job finished in 23 seconds at Wed Jan 24 11:22:18 2018 -- 23.60  0.14  0.00  0.00 -- ea8432fe-b383-40ee-a91e-26583feba13d
# output generated by extract --stdin=/home/garner1/Work/dataset/bliss/test/auxdata/r1.2b.aln.fq --bc-pattern=NNNNNNNNXXXXXXXX --log=processed.log --stdout /home/garner1/Work/dataset/bliss/test/indata/processed.fastq.gz
# job started at Wed Jan 24 11:32:28 2018 on bicrows -- 744fb76b-64dc-4298-ab58-636f14bdf84c
# pid: 2508, system: Linux 4.4.0-104-generic #127~14.04.1-Ubuntu SMP Mon Dec 11 12:44:15 UTC 2017 x86_64
# blacklist                               : None
# compresslevel                           : 6
# error_correct_cell                      : False
# extract_method                          : string
# filter_cell_barcode                     : None
# filter_cell_barcodes                    : False
# log2stderr                              : False
# loglevel                                : 1
# pattern                                 : NNNNNNNNXXXXXXXX
# pattern2                                : None
# prime3                                  : None
# quality_encoding                        : None
# quality_filter_mask                     : None
# quality_filter_threshold                : None
# random_seed                             : None
# read2_in                                : None
# read2_out                               : False
# read2_stdout                            : False
# reads_subset                            : None
# reconcile                               : False
# retain_umi                              : None
# short_help                              : None
# stderr                                  : <open file '<stderr>', mode 'w' at 0x7fdd2971e1e0>
# stdin                                   : <open file '/home/garner1/Work/dataset/bliss/test/auxdata/r1.2b.aln.fq', mode 'r' at 0x7fdd0bf738a0>
# stdlog                                  : <open file 'processed.log', mode 'a' at 0x7fdd0bf73930>
# stdout                                  : <gzip open file '/home/garner1/Work/dataset/bliss/test/indata/processed.fastq.gz', mode 'wb' at 0x7fdd0c82ce40 0x7fdd244f6a90>
# timeit_file                             : None
# timeit_header                           : None
# timeit_name                             : all
# whitelist                               : None
2018-01-24 11:32:28,983 INFO Starting barcode extraction
2018-01-24 11:32:34,297 INFO Parsed 100000 reads
2018-01-24 11:32:38,911 INFO Parsed 200000 reads
2018-01-24 11:32:43,268 INFO Parsed 300000 reads
2018-01-24 11:32:47,721 INFO Parsed 400000 reads
2018-01-24 11:32:52,112 INFO Parsed 500000 reads
2018-01-24 11:32:52,864 INFO Input Reads: 517817
2018-01-24 11:32:52,864 INFO Reads output: 517817
# job finished in 23 seconds at Wed Jan 24 11:32:52 2018 -- 24.50  0.16  0.00  0.00 -- 744fb76b-64dc-4298-ab58-636f14bdf84c
# output generated by extract --stdin=/home/garner1/Work/dataset/bliss/test/auxdata/r1.2b.aln.fq --bc-pattern=NNNNNNNNXXXXXXXX --log=processed.log --stdout /home/garner1/Work/dataset/bliss/test/indata/processed.fastq.gz
# job started at Wed Jan 24 15:20:52 2018 on bicrows -- 45de4bd6-71b4-42d0-97d5-c15fd8bb85de
# pid: 20192, system: Linux 4.4.0-104-generic #127~14.04.1-Ubuntu SMP Mon Dec 11 12:44:15 UTC 2017 x86_64
# blacklist                               : None
# compresslevel                           : 6
# error_correct_cell                      : False
# extract_method                          : string
# filter_cell_barcode                     : None
# filter_cell_barcodes                    : False
# log2stderr                              : False
# loglevel                                : 1
# pattern                                 : NNNNNNNNXXXXXXXX
# pattern2                                : None
# prime3                                  : None
# quality_encoding                        : None
# quality_filter_mask                     : None
# quality_filter_threshold                : None
# random_seed                             : None
# read2_in                                : None
# read2_out                               : False
# read2_stdout                            : False
# reads_subset                            : None
# reconcile                               : False
# retain_umi                              : None
# short_help                              : None
# stderr                                  : <open file '<stderr>', mode 'w' at 0x7f696fbed1e0>
# stdin                                   : <open file '/home/garner1/Work/dataset/bliss/test/auxdata/r1.2b.aln.fq', mode 'r' at 0x7f69524428a0>
# stdlog                                  : <open file 'processed.log', mode 'a' at 0x7f6952442930>
# stdout                                  : <gzip open file '/home/garner1/Work/dataset/bliss/test/indata/processed.fastq.gz', mode 'wb' at 0x7f6952cfbe40 0x7f696a9c5a90>
# timeit_file                             : None
# timeit_header                           : None
# timeit_name                             : all
# whitelist                               : None
2018-01-24 15:20:52,357 INFO Starting barcode extraction
2018-01-24 15:20:56,732 INFO Parsed 100000 reads
2018-01-24 15:21:01,286 INFO Parsed 200000 reads
2018-01-24 15:21:05,776 INFO Parsed 300000 reads
2018-01-24 15:21:10,313 INFO Parsed 400000 reads
2018-01-24 15:21:14,780 INFO Parsed 500000 reads
2018-01-24 15:21:15,546 INFO Input Reads: 517817
2018-01-24 15:21:15,546 INFO Reads output: 517817
# job finished in 23 seconds at Wed Jan 24 15:21:15 2018 -- 23.84  0.12  0.00  0.00 -- 45de4bd6-71b4-42d0-97d5-c15fd8bb85de
# output generated by extract --stdin=/home/garner1/Work/dataset/bliss/test/auxdata/r1.2b.aln.fq --bc-pattern=NNNNNNNNXXXXXXXX --log=processed.log --stdout /home/garner1/Work/dataset/bliss/test/indata/processed.fastq.gz
# job started at Wed Jan 24 17:05:50 2018 on bicrows -- 1d008a9c-6345-4319-a0b8-6fedb29ae609
# pid: 2610, system: Linux 4.4.0-104-generic #127~14.04.1-Ubuntu SMP Mon Dec 11 12:44:15 UTC 2017 x86_64
# blacklist                               : None
# compresslevel                           : 6
# error_correct_cell                      : False
# extract_method                          : string
# filter_cell_barcode                     : None
# filter_cell_barcodes                    : False
# log2stderr                              : False
# loglevel                                : 1
# pattern                                 : NNNNNNNNXXXXXXXX
# pattern2                                : None
# prime3                                  : None
# quality_encoding                        : None
# quality_filter_mask                     : None
# quality_filter_threshold                : None
# random_seed                             : None
# read2_in                                : None
# read2_out                               : False
# read2_stdout                            : False
# reads_subset                            : None
# reconcile                               : False
# retain_umi                              : None
# short_help                              : None
# stderr                                  : <open file '<stderr>', mode 'w' at 0x7f3638d6c1e0>
# stdin                                   : <open file '/home/garner1/Work/dataset/bliss/test/auxdata/r1.2b.aln.fq', mode 'r' at 0x7f361b5c18a0>
# stdlog                                  : <open file 'processed.log', mode 'a' at 0x7f361b5c1930>
# stdout                                  : <gzip open file '/home/garner1/Work/dataset/bliss/test/indata/processed.fastq.gz', mode 'wb' at 0x7f361be7ae40 0x7f3633b44a90>
# timeit_file                             : None
# timeit_header                           : None
# timeit_name                             : all
# whitelist                               : None
2018-01-24 17:05:50,874 INFO Starting barcode extraction
2018-01-24 17:05:55,258 INFO Parsed 100000 reads
# output generated by extract --stdin=/home/garner1/Work/dataset/bliss/test/auxdata/r1.2b.aln.fq --bc-pattern=NNNNNNNNXXXXXXXX --log=processed.log --stdout /home/garner1/Work/dataset/bliss/test/indata/processed.fastq.gz
# job started at Wed Jan 24 17:06:20 2018 on bicrows -- 9f43d340-e06f-411d-af9a-a52ba9da5cdb
# pid: 3893, system: Linux 4.4.0-104-generic #127~14.04.1-Ubuntu SMP Mon Dec 11 12:44:15 UTC 2017 x86_64
# blacklist                               : None
# compresslevel                           : 6
# error_correct_cell                      : False
# extract_method                          : string
# filter_cell_barcode                     : None
# filter_cell_barcodes                    : False
# log2stderr                              : False
# loglevel                                : 1
# pattern                                 : NNNNNNNNXXXXXXXX
# pattern2                                : None
# prime3                                  : None
# quality_encoding                        : None
# quality_filter_mask                     : None
# quality_filter_threshold                : None
# random_seed                             : None
# read2_in                                : None
# read2_out                               : False
# read2_stdout                            : False
# reads_subset                            : None
# reconcile                               : False
# retain_umi                              : None
# short_help                              : None
# stderr                                  : <open file '<stderr>', mode 'w' at 0x7fdfa698b1e0>
# stdin                                   : <open file '/home/garner1/Work/dataset/bliss/test/auxdata/r1.2b.aln.fq', mode 'r' at 0x7fdf891e08a0>
# stdlog                                  : <open file 'processed.log', mode 'a' at 0x7fdf891e0930>
# stdout                                  : <gzip open file '/home/garner1/Work/dataset/bliss/test/indata/processed.fastq.gz', mode 'wb' at 0x7fdf89a99e40 0x7fdfa1763a90>
# timeit_file                             : None
# timeit_header                           : None
# timeit_name                             : all
# whitelist                               : None
2018-01-24 17:06:20,735 INFO Starting barcode extraction
2018-01-24 17:06:25,273 INFO Parsed 100000 reads
2018-01-24 17:06:29,987 INFO Parsed 200000 reads
2018-01-24 17:06:34,539 INFO Parsed 300000 reads
2018-01-24 17:06:38,971 INFO Parsed 400000 reads
2018-01-24 17:06:43,486 INFO Parsed 500000 reads
2018-01-24 17:06:44,294 INFO Input Reads: 517817
2018-01-24 17:06:44,294 INFO Reads output: 517817
# job finished in 23 seconds at Wed Jan 24 17:06:44 2018 -- 24.06  0.13  0.00  0.00 -- 9f43d340-e06f-411d-af9a-a52ba9da5cdb
# output generated by extract --stdin=/home/garner1/Work/dataset/telo/BB67/auxdata/r1.2b.aln.fq --bc-pattern=NNNNNNNNXXXXXXXX --log=processed.log --stdout /home/garner1/Work/dataset/telo/BB67/indata/processed.fastq.gz
# job started at Wed Jan 24 17:39:50 2018 on bicrows -- 62b645db-3b12-4104-8d56-8020ab0c0c7a
# pid: 17261, system: Linux 4.4.0-104-generic #127~14.04.1-Ubuntu SMP Mon Dec 11 12:44:15 UTC 2017 x86_64
# blacklist                               : None
# compresslevel                           : 6
# error_correct_cell                      : False
# extract_method                          : string
# filter_cell_barcode                     : None
# filter_cell_barcodes                    : False
# log2stderr                              : False
# loglevel                                : 1
# pattern                                 : NNNNNNNNXXXXXXXX
# pattern2                                : None
# prime3                                  : None
# quality_encoding                        : None
# quality_filter_mask                     : None
# quality_filter_threshold                : None
# random_seed                             : None
# read2_in                                : None
# read2_out                               : False
# read2_stdout                            : False
# reads_subset                            : None
# reconcile                               : False
# retain_umi                              : None
# short_help                              : None
# stderr                                  : <open file '<stderr>', mode 'w' at 0x7f662aacc1e0>
# stdin                                   : <open file '/home/garner1/Work/dataset/telo/BB67/auxdata/r1.2b.aln.fq', mode 'r' at 0x7f660d3218a0>
# stdlog                                  : <open file 'processed.log', mode 'a' at 0x7f660d321930>
# stdout                                  : <gzip open file '/home/garner1/Work/dataset/telo/BB67/indata/processed.fastq.gz', mode 'wb' at 0x7f660dbdae40 0x7f66258a4a90>
# timeit_file                             : None
# timeit_header                           : None
# timeit_name                             : all
# whitelist                               : None
2018-01-24 17:39:50,151 INFO Starting barcode extraction
2018-01-24 17:39:55,375 INFO Parsed 100000 reads
2018-01-24 17:39:59,770 INFO Parsed 200000 reads
2018-01-24 17:40:04,391 INFO Parsed 300000 reads
2018-01-24 17:40:09,241 INFO Parsed 400000 reads
2018-01-24 17:40:13,795 INFO Parsed 500000 reads
2018-01-24 17:40:18,307 INFO Parsed 600000 reads
2018-01-24 17:40:23,280 INFO Parsed 700000 reads
2018-01-24 17:40:27,846 INFO Parsed 800000 reads
2018-01-24 17:40:32,359 INFO Parsed 900000 reads
2018-01-24 17:40:36,734 INFO Parsed 1000000 reads
2018-01-24 17:40:41,368 INFO Parsed 1100000 reads
2018-01-24 17:40:45,685 INFO Parsed 1200000 reads
2018-01-24 17:40:50,323 INFO Parsed 1300000 reads
2018-01-24 17:40:54,909 INFO Parsed 1400000 reads
2018-01-24 17:40:59,866 INFO Parsed 1500000 reads
2018-01-24 17:41:04,943 INFO Parsed 1600000 reads
2018-01-24 17:41:09,606 INFO Parsed 1700000 reads
2018-01-24 17:41:14,920 INFO Parsed 1800000 reads
2018-01-24 17:41:20,272 INFO Parsed 1900000 reads
2018-01-24 17:41:24,782 INFO Parsed 2000000 reads
2018-01-24 17:41:29,700 INFO Parsed 2100000 reads
2018-01-24 17:41:34,662 INFO Parsed 2200000 reads
2018-01-24 17:41:39,305 INFO Parsed 2300000 reads
2018-01-24 17:41:44,019 INFO Parsed 2400000 reads
2018-01-24 17:41:48,542 INFO Parsed 2500000 reads
2018-01-24 17:41:53,511 INFO Parsed 2600000 reads
2018-01-24 17:41:58,241 INFO Parsed 2700000 reads
2018-01-24 17:42:03,059 INFO Parsed 2800000 reads
2018-01-24 17:42:07,455 INFO Parsed 2900000 reads
2018-01-24 17:42:12,071 INFO Parsed 3000000 reads
2018-01-24 17:42:16,464 INFO Parsed 3100000 reads
2018-01-24 17:42:20,912 INFO Parsed 3200000 reads
2018-01-24 17:42:25,847 INFO Parsed 3300000 reads
2018-01-24 17:42:30,809 INFO Parsed 3400000 reads
2018-01-24 17:42:35,347 INFO Parsed 3500000 reads
2018-01-24 17:42:40,055 INFO Parsed 3600000 reads
2018-01-24 17:42:44,540 INFO Parsed 3700000 reads
2018-01-24 17:42:49,753 INFO Parsed 3800000 reads
2018-01-24 17:42:54,555 INFO Parsed 3900000 reads
2018-01-24 17:42:59,343 INFO Parsed 4000000 reads
2018-01-24 17:43:03,838 INFO Parsed 4100000 reads
2018-01-24 17:43:09,241 INFO Parsed 4200000 reads
2018-01-24 17:43:14,272 INFO Parsed 4300000 reads
2018-01-24 17:43:19,329 INFO Parsed 4400000 reads
2018-01-24 17:43:24,318 INFO Parsed 4500000 reads
2018-01-24 17:43:29,389 INFO Parsed 4600000 reads
2018-01-24 17:43:34,346 INFO Parsed 4700000 reads
2018-01-24 17:43:39,880 INFO Parsed 4800000 reads
2018-01-24 17:43:44,744 INFO Parsed 4900000 reads
2018-01-24 17:43:49,944 INFO Parsed 5000000 reads
2018-01-24 17:43:54,637 INFO Parsed 5100000 reads
2018-01-24 17:43:59,061 INFO Parsed 5200000 reads
2018-01-24 17:44:03,480 INFO Parsed 5300000 reads
2018-01-24 17:44:08,087 INFO Parsed 5400000 reads
2018-01-24 17:44:12,734 INFO Parsed 5500000 reads
2018-01-24 17:44:17,196 INFO Parsed 5600000 reads
2018-01-24 17:44:21,607 INFO Parsed 5700000 reads
2018-01-24 17:44:26,003 INFO Parsed 5800000 reads
2018-01-24 17:44:30,422 INFO Parsed 5900000 reads
2018-01-24 17:44:34,836 INFO Parsed 6000000 reads
2018-01-24 17:44:39,236 INFO Parsed 6100000 reads
2018-01-24 17:44:43,703 INFO Parsed 6200000 reads
2018-01-24 17:44:48,174 INFO Parsed 6300000 reads
2018-01-24 17:44:52,598 INFO Parsed 6400000 reads
2018-01-24 17:44:57,017 INFO Parsed 6500000 reads
2018-01-24 17:45:01,508 INFO Parsed 6600000 reads
2018-01-24 17:45:05,972 INFO Parsed 6700000 reads
2018-01-24 17:45:10,404 INFO Parsed 6800000 reads
2018-01-24 17:45:14,727 INFO Parsed 6900000 reads
2018-01-24 17:45:19,192 INFO Parsed 7000000 reads
2018-01-24 17:45:23,678 INFO Parsed 7100000 reads
2018-01-24 17:45:28,221 INFO Parsed 7200000 reads
2018-01-24 17:45:32,634 INFO Parsed 7300000 reads
2018-01-24 17:45:36,991 INFO Parsed 7400000 reads
# output generated by extract --stdin=/home/garner1/Work/dataset/telo/test/auxdata/r1.2b.aln.fq --bc-pattern=NNNNNNNNXXXXXXXX --log=processed.log --stdout /home/garner1/Work/dataset/telo/test/indata/processed.fastq.gz
# job started at Wed Jan 24 17:56:49 2018 on bicrows -- 1b0f1dbf-e314-4fd6-8b86-b956aacc2f75
# pid: 8168, system: Linux 4.4.0-104-generic #127~14.04.1-Ubuntu SMP Mon Dec 11 12:44:15 UTC 2017 x86_64
# blacklist                               : None
# compresslevel                           : 6
# error_correct_cell                      : False
# extract_method                          : string
# filter_cell_barcode                     : None
# filter_cell_barcodes                    : False
# log2stderr                              : False
# loglevel                                : 1
# pattern                                 : NNNNNNNNXXXXXXXX
# pattern2                                : None
# prime3                                  : None
# quality_encoding                        : None
# quality_filter_mask                     : None
# quality_filter_threshold                : None
# random_seed                             : None
# read2_in                                : None
# read2_out                               : False
# read2_stdout                            : False
# reads_subset                            : None
# reconcile                               : False
# retain_umi                              : None
# short_help                              : None
# stderr                                  : <open file '<stderr>', mode 'w' at 0x7f961407a1e0>
# stdin                                   : <open file '/home/garner1/Work/dataset/telo/test/auxdata/r1.2b.aln.fq', mode 'r' at 0x7f95f68cf8a0>
# stdlog                                  : <open file 'processed.log', mode 'a' at 0x7f95f68cf930>
# stdout                                  : <gzip open file '/home/garner1/Work/dataset/telo/test/indata/processed.fastq.gz', mode 'wb' at 0x7f95f7188e40 0x7f960ee52a90>
# timeit_file                             : None
# timeit_header                           : None
# timeit_name                             : all
# whitelist                               : None
2018-01-24 17:56:49,507 INFO Starting barcode extraction
2018-01-24 17:56:53,932 INFO Parsed 100000 reads
2018-01-24 17:56:58,329 INFO Parsed 200000 reads
2018-01-24 17:57:02,837 INFO Parsed 300000 reads
2018-01-24 17:57:07,319 INFO Parsed 400000 reads
2018-01-24 17:57:11,701 INFO Parsed 500000 reads
2018-01-24 17:57:12,479 INFO Input Reads: 517817
2018-01-24 17:57:12,479 INFO Reads output: 517817
# job finished in 22 seconds at Wed Jan 24 17:57:12 2018 -- 23.46  0.13  0.00  0.00 -- 1b0f1dbf-e314-4fd6-8b86-b956aacc2f75
# output generated by extract --stdin=/home/garner1/Work/dataset/telo/BB67/auxdata/r1.2b.aln.fq --bc-pattern=NNNNNNNNXXXXXXXX --log=processed.log --stdout /home/garner1/Work/dataset/telo/BB67/indata/processed.fastq.gz
# job started at Wed Jan 24 18:03:51 2018 on bicrows -- 9f6aecea-7507-4933-be7a-f54b03357269
# pid: 18717, system: Linux 4.4.0-104-generic #127~14.04.1-Ubuntu SMP Mon Dec 11 12:44:15 UTC 2017 x86_64
# blacklist                               : None
# compresslevel                           : 6
# error_correct_cell                      : False
# extract_method                          : string
# filter_cell_barcode                     : None
# filter_cell_barcodes                    : False
# log2stderr                              : False
# loglevel                                : 1
# pattern                                 : NNNNNNNNXXXXXXXX
# pattern2                                : None
# prime3                                  : None
# quality_encoding                        : None
# quality_filter_mask                     : None
# quality_filter_threshold                : None
# random_seed                             : None
# read2_in                                : None
# read2_out                               : False
# read2_stdout                            : False
# reads_subset                            : None
# reconcile                               : False
# retain_umi                              : None
# short_help                              : None
# stderr                                  : <open file '<stderr>', mode 'w' at 0x7fa8288161e0>
# stdin                                   : <open file '/home/garner1/Work/dataset/telo/BB67/auxdata/r1.2b.aln.fq', mode 'r' at 0x7fa80b06b8a0>
# stdlog                                  : <open file 'processed.log', mode 'a' at 0x7fa80b06b930>
# stdout                                  : <gzip open file '/home/garner1/Work/dataset/telo/BB67/indata/processed.fastq.gz', mode 'wb' at 0x7fa80b924e40 0x7fa8235eea90>
# timeit_file                             : None
# timeit_header                           : None
# timeit_name                             : all
# whitelist                               : None
2018-01-24 18:03:51,855 INFO Starting barcode extraction
2018-01-24 18:03:56,696 INFO Parsed 100000 reads
2018-01-24 18:04:01,300 INFO Parsed 200000 reads
2018-01-24 18:04:05,886 INFO Parsed 300000 reads
2018-01-24 18:04:10,393 INFO Parsed 400000 reads
2018-01-24 18:04:14,848 INFO Parsed 500000 reads
2018-01-24 18:04:19,296 INFO Parsed 600000 reads
2018-01-24 18:04:23,916 INFO Parsed 700000 reads
2018-01-24 18:04:28,399 INFO Parsed 800000 reads
2018-01-24 18:04:33,024 INFO Parsed 900000 reads
2018-01-24 18:04:37,517 INFO Parsed 1000000 reads
2018-01-24 18:04:42,013 INFO Parsed 1100000 reads
2018-01-24 18:04:46,415 INFO Parsed 1200000 reads
2018-01-24 18:04:51,065 INFO Parsed 1300000 reads
2018-01-24 18:04:56,330 INFO Parsed 1400000 reads
2018-01-24 18:05:00,812 INFO Parsed 1500000 reads
2018-01-24 18:05:05,272 INFO Parsed 1600000 reads
2018-01-24 18:05:09,696 INFO Parsed 1700000 reads
2018-01-24 18:05:14,091 INFO Parsed 1800000 reads
2018-01-24 18:05:18,656 INFO Parsed 1900000 reads
2018-01-24 18:05:23,181 INFO Parsed 2000000 reads
2018-01-24 18:05:27,682 INFO Parsed 2100000 reads
2018-01-24 18:05:32,305 INFO Parsed 2200000 reads
2018-01-24 18:05:36,785 INFO Parsed 2300000 reads
2018-01-24 18:05:41,358 INFO Parsed 2400000 reads
2018-01-24 18:05:46,011 INFO Parsed 2500000 reads
2018-01-24 18:05:50,535 INFO Parsed 2600000 reads
2018-01-24 18:05:55,410 INFO Parsed 2700000 reads
2018-01-24 18:06:00,047 INFO Parsed 2800000 reads
2018-01-24 18:06:04,674 INFO Parsed 2900000 reads
2018-01-24 18:06:09,075 INFO Parsed 3000000 reads
2018-01-24 18:06:13,581 INFO Parsed 3100000 reads
2018-01-24 18:06:18,104 INFO Parsed 3200000 reads
2018-01-24 18:06:22,716 INFO Parsed 3300000 reads
2018-01-24 18:06:27,302 INFO Parsed 3400000 reads
2018-01-24 18:06:31,727 INFO Parsed 3500000 reads
2018-01-24 18:06:36,088 INFO Parsed 3600000 reads
2018-01-24 18:06:40,475 INFO Parsed 3700000 reads
2018-01-24 18:06:45,003 INFO Parsed 3800000 reads
2018-01-24 18:06:49,534 INFO Parsed 3900000 reads
2018-01-24 18:06:54,024 INFO Parsed 4000000 reads
2018-01-24 18:06:58,453 INFO Parsed 4100000 reads
2018-01-24 18:07:02,867 INFO Parsed 4200000 reads
2018-01-24 18:07:07,295 INFO Parsed 4300000 reads
2018-01-24 18:07:11,774 INFO Parsed 4400000 reads
2018-01-24 18:07:16,318 INFO Parsed 4500000 reads
2018-01-24 18:07:20,824 INFO Parsed 4600000 reads
2018-01-24 18:07:25,302 INFO Parsed 4700000 reads
2018-01-24 18:07:29,940 INFO Parsed 4800000 reads
2018-01-24 18:07:34,402 INFO Parsed 4900000 reads
2018-01-24 18:07:38,835 INFO Parsed 5000000 reads
2018-01-24 18:07:43,436 INFO Parsed 5100000 reads
2018-01-24 18:07:48,115 INFO Parsed 5200000 reads
2018-01-24 18:07:52,601 INFO Parsed 5300000 reads
2018-01-24 18:07:57,072 INFO Parsed 5400000 reads
2018-01-24 18:08:01,538 INFO Parsed 5500000 reads
2018-01-24 18:08:06,109 INFO Parsed 5600000 reads
2018-01-24 18:08:10,523 INFO Parsed 5700000 reads
2018-01-24 18:08:14,976 INFO Parsed 5800000 reads
2018-01-24 18:08:19,430 INFO Parsed 5900000 reads
2018-01-24 18:08:24,022 INFO Parsed 6000000 reads
# output generated by extract --stdin=/home/garner1/Work/dataset/telo/BB67/auxdata/r1.2b.aln.fq --bc-pattern=NNNNNNNNXXXXXXXX --log=processed.log --stdout /home/garner1/Work/dataset/telo/BB67/indata/processed.fastq.gz
# job started at Wed Jan 24 18:10:10 2018 on bicrows -- 6a2ba4c6-7b81-4671-8e55-007c69752712
# pid: 27360, system: Linux 4.4.0-104-generic #127~14.04.1-Ubuntu SMP Mon Dec 11 12:44:15 UTC 2017 x86_64
# blacklist                               : None
# compresslevel                           : 6
# error_correct_cell                      : False
# extract_method                          : string
# filter_cell_barcode                     : None
# filter_cell_barcodes                    : False
# log2stderr                              : False
# loglevel                                : 1
# pattern                                 : NNNNNNNNXXXXXXXX
# pattern2                                : None
# prime3                                  : None
# quality_encoding                        : None
# quality_filter_mask                     : None
# quality_filter_threshold                : None
# random_seed                             : None
# read2_in                                : None
# read2_out                               : False
# read2_stdout                            : False
# reads_subset                            : None
# reconcile                               : False
# retain_umi                              : None
# short_help                              : None
# stderr                                  : <open file '<stderr>', mode 'w' at 0x7f39739061e0>
# stdin                                   : <open file '/home/garner1/Work/dataset/telo/BB67/auxdata/r1.2b.aln.fq', mode 'r' at 0x7f395615b8a0>
# stdlog                                  : <open file 'processed.log', mode 'a' at 0x7f395615b930>
# stdout                                  : <gzip open file '/home/garner1/Work/dataset/telo/BB67/indata/processed.fastq.gz', mode 'wb' at 0x7f3956a14e40 0x7f396e6dea90>
# timeit_file                             : None
# timeit_header                           : None
# timeit_name                             : all
# whitelist                               : None
2018-01-24 18:10:10,226 INFO Starting barcode extraction
2018-01-24 18:10:11,055 INFO Input Reads: 21238
2018-01-24 18:10:11,056 INFO Reads output: 21238
# job finished in 0 seconds at Wed Jan 24 18:10:11 2018 --  1.64  0.13  0.00  0.00 -- 6a2ba4c6-7b81-4671-8e55-007c69752712
